2026-01-05 10:11:23,634 - [INFO] - 🚀 系統啟動 (日誌監控 + 熔斷保護 + 定時任務)...
2026-01-05 10:11:23,635 - [INFO] - 
⏳ 已設定每日排程：06:00 與 18:00 執行...
2026-01-05 10:11:37,751 - [INFO] - 🛑 系統已手動停止。
2026-01-05 10:14:49,522 - [INFO] - 🚀 系統啟動 (日誌監控 + 熔斷保護 + 定時任務)...
2026-01-05 10:14:49,522 - [INFO] - ⚡ 正在執行【初次啟動】掃描任務...
2026-01-05 10:14:49,523 - [INFO] - 
⏰ [排程啟動] 2026-01-05 10:14:49
2026-01-05 10:19:14,238 - [INFO] -     💤 [無變動] azure_updates (耗時 158.4s)
2026-01-05 10:22:05,185 - [INFO] -     💤 [無變動] windows_message_center (耗時 170.7s)
2026-01-05 10:22:09,788 - [INFO] -     💤 [無變動] m365_roadmap (耗時 4.3s)
2026-01-05 10:23:47,840 - [INFO] -     💤 [無變動] msrc_blog (耗時 98.0s)
2026-01-05 10:32:20,048 - [INFO] -     💤 [無變動] partner_center_announcements (耗時 512.0s)
2026-01-05 10:38:44,904 - [INFO] -     💤 [無變動] powerbi_blog (耗時 384.6s)
2026-01-05 10:38:44,904 - [INFO] - 
💤 本次排程無有效變動，不產生 Sync 檔案。
2026-01-05 10:38:44,905 - [INFO] - ✅ 排程結束。
----------------------------------------
2026-01-05 10:38:44,907 - [INFO] - ✅ 初次掃描完成，轉入排程待機模式。
2026-01-05 10:38:44,908 - [INFO] - 
⏳ 已設定每日排程：06:00 與 18:00 執行...
2026-01-05 10:54:05,219 - [INFO] - 🛑 系統已手動停止。
